[1122/103635.300:INFO:CONSOLE(0)] "Error with Permissions-Policy header: Feature xr-spatial-tracking's parameters are ignored.", source:  (0)
[1122/103635.309:INFO:CONSOLE(0)] "Error with Permissions-Policy header: Origin trial controlled feature not enabled: 'attribution-reporting'.", source:  (0)
[1122/103635.310:INFO:CONSOLE(0)] "Error with Permissions-Policy header: Unrecognized feature: 'compute-pressure'.", source:  (0)
[1122/103635.310:INFO:CONSOLE(0)] "Error with Permissions-Policy header: Origin trial controlled feature not enabled: 'interest-cohort'.", source:  (0)
[1122/103635.310:INFO:CONSOLE(0)] "Error with Permissions-Policy header: Unrecognized feature: 'private-state-token-issuance'.", source:  (0)
[1122/103635.311:INFO:CONSOLE(0)] "Error with Permissions-Policy header: Origin trial controlled feature not enabled: 'shared-storage'.", source:  (0)
[1122/103635.311:INFO:CONSOLE(0)] "Error with Permissions-Policy header: Unrecognized feature: 'shared-storage-select-url'.", source:  (0)
[1122/103635.311:INFO:CONSOLE(0)] "Error with Permissions-Policy header: Unrecognized feature: 'private-state-token-redemption'.", source:  (0)
[1122/103635.312:INFO:CONSOLE(0)] "Error with Permissions-Policy header: Unrecognized feature: 'unload'.", source:  (0)
[1122/103635.312:INFO:CONSOLE(0)] "Error with Permissions-Policy header: Unrecognized feature: 'window-management'.", source:  (0)
[1122/103635.313:INFO:CONSOLE(0)] "Document-Policy HTTP header: Unrecognized document policy feature name include-js-call-stacks-in-crash-reports.", source: https://web.whatsapp.com/ (0)
[1122/103637.479:INFO:CONSOLE(113)] "Event handler of 'x-storagemutated-1' event must be added on the initial evaluation of worker script.", source: https://static.whatsapp.net/rsrc.php/v4/yM/r/mOJ5vHcxGjI.js (113)
[1122/103743.267:INFO:CONSOLE(113)] "Event handler of 'x-storagemutated-1' event must be added on the initial evaluation of worker script.", source: https://static.whatsapp.net/rsrc.php/v4/yM/r/mOJ5vHcxGjI.js (113)
[1122/103918.824:INFO:CONSOLE(77)] "ErrorUtils caught an error:

window is not defined

Subsequent non-fatal errors won't be logged; see https://fburl.com/debugjs. [object Object]", source: https://static.whatsapp.net/rsrc.php/v4/yu/r/4wLJsIo9jix.js (77)
[1122/103920.285:INFO:CONSOLE(113)] "Event handler of 'x-storagemutated-1' event must be added on the initial evaluation of worker script.", source: https://static.whatsapp.net/rsrc.php/v4/yM/r/mOJ5vHcxGjI.js (113)
[1122/104009.306:INFO:CONSOLE(113)] "Event handler of 'x-storagemutated-1' event must be added on the initial evaluation of worker script.", source: https://static.whatsapp.net/rsrc.php/v4/yM/r/mOJ5vHcxGjI.js (113)
[1122/104136.758:INFO:CONSOLE(113)] "Event handler of 'x-storagemutated-1' event must be added on the initial evaluation of worker script.", source: https://static.whatsapp.net/rsrc.php/v4/yM/r/mOJ5vHcxGjI.js (113)
[1122/104339.993:INFO:CONSOLE(113)] "Event handler of 'x-storagemutated-1' event must be added on the initial evaluation of worker script.", source: https://static.whatsapp.net/rsrc.php/v4/yM/r/mOJ5vHcxGjI.js (113)
[1122/104711.530:INFO:CONSOLE(113)] "Event handler of 'x-storagemutated-1' event must be added on the initial evaluation of worker script.", source: https://static.whatsapp.net/rsrc.php/v4/yM/r/mOJ5vHcxGjI.js (113)
[1122/105043.301:INFO:CONSOLE(113)] "Event handler of 'x-storagemutated-1' event must be added on the initial evaluation of worker script.", source: https://static.whatsapp.net/rsrc.php/v4/yM/r/mOJ5vHcxGjI.js (113)
[1122/105414.335:INFO:CONSOLE(113)] "Event handler of 'x-storagemutated-1' event must be added on the initial evaluation of worker script.", source: https://static.whatsapp.net/rsrc.php/v4/yM/r/mOJ5vHcxGjI.js (113)
[1122/105745.080:INFO:CONSOLE(113)] "Event handler of 'x-storagemutated-1' event must be added on the initial evaluation of worker script.", source: https://static.whatsapp.net/rsrc.php/v4/yM/r/mOJ5vHcxGjI.js (113)
[1122/110115.882:INFO:CONSOLE(113)] "Event handler of 'x-storagemutated-1' event must be added on the initial evaluation of worker script.", source: https://static.whatsapp.net/rsrc.php/v4/yM/r/mOJ5vHcxGjI.js (113)
[1122/110446.686:INFO:CONSOLE(113)] "Event handler of 'x-storagemutated-1' event must be added on the initial evaluation of worker script.", source: https://static.whatsapp.net/rsrc.php/v4/yM/r/mOJ5vHcxGjI.js (113)
[1122/110818.790:INFO:CONSOLE(113)] "Event handler of 'x-storagemutated-1' event must be added on the initial evaluation of worker script.", source: https://static.whatsapp.net/rsrc.php/v4/yM/r/mOJ5vHcxGjI.js (113)
[1122/111149.426:INFO:CONSOLE(113)] "Event handler of 'x-storagemutated-1' event must be added on the initial evaluation of worker script.", source: https://static.whatsapp.net/rsrc.php/v4/yM/r/mOJ5vHcxGjI.js (113)
[1122/111520.419:INFO:CONSOLE(113)] "Event handler of 'x-storagemutated-1' event must be added on the initial evaluation of worker script.", source: https://static.whatsapp.net/rsrc.php/v4/yM/r/mOJ5vHcxGjI.js (113)
[1122/111851.435:INFO:CONSOLE(113)] "Event handler of 'x-storagemutated-1' event must be added on the initial evaluation of worker script.", source: https://static.whatsapp.net/rsrc.php/v4/yM/r/mOJ5vHcxGjI.js (113)
[1122/112222.710:INFO:CONSOLE(113)] "Event handler of 'x-storagemutated-1' event must be added on the initial evaluation of worker script.", source: https://static.whatsapp.net/rsrc.php/v4/yM/r/mOJ5vHcxGjI.js (113)
[1122/112553.619:INFO:CONSOLE(113)] "Event handler of 'x-storagemutated-1' event must be added on the initial evaluation of worker script.", source: https://static.whatsapp.net/rsrc.php/v4/yM/r/mOJ5vHcxGjI.js (113)
[1122/112925.862:INFO:CONSOLE(113)] "Event handler of 'x-storagemutated-1' event must be added on the initial evaluation of worker script.", source: https://static.whatsapp.net/rsrc.php/v4/yM/r/mOJ5vHcxGjI.js (113)
[1122/113256.873:INFO:CONSOLE(113)] "Event handler of 'x-storagemutated-1' event must be added on the initial evaluation of worker script.", source: https://static.whatsapp.net/rsrc.php/v4/yM/r/mOJ5vHcxGjI.js (113)
[1122/113627.113:INFO:CONSOLE(113)] "Event handler of 'x-storagemutated-1' event must be added on the initial evaluation of worker script.", source: https://static.whatsapp.net/rsrc.php/v4/yM/r/mOJ5vHcxGjI.js (113)
[1122/113957.997:INFO:CONSOLE(113)] "Event handler of 'x-storagemutated-1' event must be added on the initial evaluation of worker script.", source: https://static.whatsapp.net/rsrc.php/v4/yM/r/mOJ5vHcxGjI.js (113)
[1122/114105.943:INFO:CONSOLE(113)] "Event handler of 'x-storagemutated-1' event must be added on the initial evaluation of worker script.", source: https://static.whatsapp.net/rsrc.php/v4/yM/r/mOJ5vHcxGjI.js (113)
[1122/114328.641:INFO:CONSOLE(113)] "Event handler of 'x-storagemutated-1' event must be added on the initial evaluation of worker script.", source: https://static.whatsapp.net/rsrc.php/v4/yM/r/mOJ5vHcxGjI.js (113)
[1122/114659.433:INFO:CONSOLE(113)] "Event handler of 'x-storagemutated-1' event must be added on the initial evaluation of worker script.", source: https://static.whatsapp.net/rsrc.php/v4/yM/r/mOJ5vHcxGjI.js (113)
[1122/115031.180:INFO:CONSOLE(113)] "Event handler of 'x-storagemutated-1' event must be added on the initial evaluation of worker script.", source: https://static.whatsapp.net/rsrc.php/v4/yM/r/mOJ5vHcxGjI.js (113)
[1122/115401.960:INFO:CONSOLE(113)] "Event handler of 'x-storagemutated-1' event must be added on the initial evaluation of worker script.", source: https://static.whatsapp.net/rsrc.php/v4/yM/r/mOJ5vHcxGjI.js (113)
[1122/115734.035:INFO:CONSOLE(113)] "Event handler of 'x-storagemutated-1' event must be added on the initial evaluation of worker script.", source: https://static.whatsapp.net/rsrc.php/v4/yM/r/mOJ5vHcxGjI.js (113)
[1122/120104.855:INFO:CONSOLE(113)] "Event handler of 'x-storagemutated-1' event must be added on the initial evaluation of worker script.", source: https://static.whatsapp.net/rsrc.php/v4/yM/r/mOJ5vHcxGjI.js (113)
[1122/120312.736:INFO:CONSOLE(113)] "Event handler of 'x-storagemutated-1' event must be added on the initial evaluation of worker script.", source: https://static.whatsapp.net/rsrc.php/v4/yM/r/mOJ5vHcxGjI.js (113)
[1122/120643.427:INFO:CONSOLE(113)] "Event handler of 'x-storagemutated-1' event must be added on the initial evaluation of worker script.", source: https://static.whatsapp.net/rsrc.php/v4/yM/r/mOJ5vHcxGjI.js (113)
[1122/121015.171:INFO:CONSOLE(113)] "Event handler of 'x-storagemutated-1' event must be added on the initial evaluation of worker script.", source: https://static.whatsapp.net/rsrc.php/v4/yM/r/mOJ5vHcxGjI.js (113)
[1122/121346.291:INFO:CONSOLE(113)] "Event handler of 'x-storagemutated-1' event must be added on the initial evaluation of worker script.", source: https://static.whatsapp.net/rsrc.php/v4/yM/r/mOJ5vHcxGjI.js (113)
[1122/121717.518:INFO:CONSOLE(113)] "Event handler of 'x-storagemutated-1' event must be added on the initial evaluation of worker script.", source: https://static.whatsapp.net/rsrc.php/v4/yM/r/mOJ5vHcxGjI.js (113)
[1122/122048.418:INFO:CONSOLE(113)] "Event handler of 'x-storagemutated-1' event must be added on the initial evaluation of worker script.", source: https://static.whatsapp.net/rsrc.php/v4/yM/r/mOJ5vHcxGjI.js (113)
[1122/122419.128:INFO:CONSOLE(113)] "Event handler of 'x-storagemutated-1' event must be added on the initial evaluation of worker script.", source: https://static.whatsapp.net/rsrc.php/v4/yM/r/mOJ5vHcxGjI.js (113)
[1122/122751.592:INFO:CONSOLE(113)] "Event handler of 'x-storagemutated-1' event must be added on the initial evaluation of worker script.", source: https://static.whatsapp.net/rsrc.php/v4/yM/r/mOJ5vHcxGjI.js (113)
[1122/123122.497:INFO:CONSOLE(113)] "Event handler of 'x-storagemutated-1' event must be added on the initial evaluation of worker script.", source: https://static.whatsapp.net/rsrc.php/v4/yM/r/mOJ5vHcxGjI.js (113)
[1122/123453.251:INFO:CONSOLE(113)] "Event handler of 'x-storagemutated-1' event must be added on the initial evaluation of worker script.", source: https://static.whatsapp.net/rsrc.php/v4/yM/r/mOJ5vHcxGjI.js (113)
[1122/123824.368:INFO:CONSOLE(113)] "Event handler of 'x-storagemutated-1' event must be added on the initial evaluation of worker script.", source: https://static.whatsapp.net/rsrc.php/v4/yM/r/mOJ5vHcxGjI.js (113)
[1122/124155.488:INFO:CONSOLE(113)] "Event handler of 'x-storagemutated-1' event must be added on the initial evaluation of worker script.", source: https://static.whatsapp.net/rsrc.php/v4/yM/r/mOJ5vHcxGjI.js (113)
[1122/124435.265:INFO:CONSOLE(113)] "Event handler of 'x-storagemutated-1' event must be added on the initial evaluation of worker script.", source: https://static.whatsapp.net/rsrc.php/v4/yM/r/mOJ5vHcxGjI.js (113)
[1122/124526.512:INFO:CONSOLE(113)] "Event handler of 'x-storagemutated-1' event must be added on the initial evaluation of worker script.", source: https://static.whatsapp.net/rsrc.php/v4/yM/r/mOJ5vHcxGjI.js (113)
[1122/124857.646:INFO:CONSOLE(113)] "Event handler of 'x-storagemutated-1' event must be added on the initial evaluation of worker script.", source: https://static.whatsapp.net/rsrc.php/v4/yM/r/mOJ5vHcxGjI.js (113)
