[1124/135208.214:INFO:CONSOLE(0)] "Error with Permissions-Policy header: Feature xr-spatial-tracking's parameters are ignored.", source:  (0)
[1124/135208.219:INFO:CONSOLE(0)] "Error with Permissions-Policy header: Origin trial controlled feature not enabled: 'attribution-reporting'.", source:  (0)
[1124/135208.219:INFO:CONSOLE(0)] "Error with Permissions-Policy header: Unrecognized feature: 'compute-pressure'.", source:  (0)
[1124/135208.219:INFO:CONSOLE(0)] "Error with Permissions-Policy header: Origin trial controlled feature not enabled: 'interest-cohort'.", source:  (0)
[1124/135208.222:INFO:CONSOLE(0)] "Error with Permissions-Policy header: Unrecognized feature: 'private-state-token-issuance'.", source:  (0)
[1124/135208.222:INFO:CONSOLE(0)] "Error with Permissions-Policy header: Origin trial controlled feature not enabled: 'shared-storage'.", source:  (0)
[1124/135208.222:INFO:CONSOLE(0)] "Error with Permissions-Policy header: Unrecognized feature: 'shared-storage-select-url'.", source:  (0)
[1124/135208.222:INFO:CONSOLE(0)] "Error with Permissions-Policy header: Unrecognized feature: 'private-state-token-redemption'.", source:  (0)
[1124/135208.222:INFO:CONSOLE(0)] "Error with Permissions-Policy header: Unrecognized feature: 'unload'.", source:  (0)
[1124/135208.222:INFO:CONSOLE(0)] "Error with Permissions-Policy header: Unrecognized feature: 'window-management'.", source:  (0)
[1124/135208.222:INFO:CONSOLE(0)] "Document-Policy HTTP header: Unrecognized document policy feature name include-js-call-stacks-in-crash-reports.", source: https://web.whatsapp.com/ (0)
[1124/135210.487:INFO:CONSOLE(113)] "Event handler of 'x-storagemutated-1' event must be added on the initial evaluation of worker script.", source: https://static.whatsapp.net/rsrc.php/v4/yv/r/dPYlMkGjHuG.js (113)
[1124/135303.925:INFO:CONSOLE(77)] "ErrorUtils caught an error:

[performance observer] longtask

Subsequent non-fatal errors won't be logged; see https://fburl.com/debugjs. [object Object]", source: https://static.whatsapp.net/rsrc.php/v4/yu/r/4wLJsIo9jix.js (77)
[1124/135422.207:INFO:CONSOLE(113)] "Event handler of 'x-storagemutated-1' event must be added on the initial evaluation of worker script.", source: https://static.whatsapp.net/rsrc.php/v4/yv/r/dPYlMkGjHuG.js (113)
[1124/135524.919:INFO:CONSOLE(113)] "Event handler of 'x-storagemutated-1' event must be added on the initial evaluation of worker script.", source: https://static.whatsapp.net/rsrc.php/v4/yv/r/dPYlMkGjHuG.js (113)
[1124/135723.794:INFO:CONSOLE(1016)] "Failed to parse video contentType: video/mp4; codecs=avc1.42000a", source: https://static.whatsapp.net/rsrc.php/v4igWf4/yz/l/es_LA-j/Z5ZV-RfdAXM.js (1016)
[1124/135723.794:INFO:CONSOLE(1016)] "Failed to parse video contentType: video/mp4; codecs=hev1.1.6.L93.B0", source: https://static.whatsapp.net/rsrc.php/v4igWf4/yz/l/es_LA-j/Z5ZV-RfdAXM.js (1016)
[1124/140853.257:INFO:CONSOLE(113)] "Event handler of 'x-storagemutated-1' event must be added on the initial evaluation of worker script.", source: https://static.whatsapp.net/rsrc.php/v4/yv/r/dPYlMkGjHuG.js (113)
[1124/142512.419:INFO:CONSOLE(113)] "Event handler of 'x-storagemutated-1' event must be added on the initial evaluation of worker script.", source: https://static.whatsapp.net/rsrc.php/v4/yv/r/dPYlMkGjHuG.js (113)
[1124/142845.599:INFO:CONSOLE(113)] "Event handler of 'x-storagemutated-1' event must be added on the initial evaluation of worker script.", source: https://static.whatsapp.net/rsrc.php/v4/yv/r/dPYlMkGjHuG.js (113)
[1124/143038.513:INFO:CONSOLE(113)] "Event handler of 'x-storagemutated-1' event must be added on the initial evaluation of worker script.", source: https://static.whatsapp.net/rsrc.php/v4/yv/r/dPYlMkGjHuG.js (113)
[1124/143139.104:INFO:CONSOLE(113)] "Event handler of 'x-storagemutated-1' event must be added on the initial evaluation of worker script.", source: https://static.whatsapp.net/rsrc.php/v4/yv/r/dPYlMkGjHuG.js (113)
[1124/143238.375:INFO:CONSOLE(113)] "Event handler of 'x-storagemutated-1' event must be added on the initial evaluation of worker script.", source: https://static.whatsapp.net/rsrc.php/v4/yv/r/dPYlMkGjHuG.js (113)
[1124/143313.088:INFO:CONSOLE(113)] "Event handler of 'x-storagemutated-1' event must be added on the initial evaluation of worker script.", source: https://static.whatsapp.net/rsrc.php/v4/yv/r/dPYlMkGjHuG.js (113)
[1124/143436.028:INFO:CONSOLE(113)] "Event handler of 'x-storagemutated-1' event must be added on the initial evaluation of worker script.", source: https://static.whatsapp.net/rsrc.php/v4/yv/r/dPYlMkGjHuG.js (113)
[1124/143648.794:INFO:CONSOLE(113)] "Event handler of 'x-storagemutated-1' event must be added on the initial evaluation of worker script.", source: https://static.whatsapp.net/rsrc.php/v4/yv/r/dPYlMkGjHuG.js (113)
[1124/143826.170:INFO:CONSOLE(113)] "Event handler of 'x-storagemutated-1' event must be added on the initial evaluation of worker script.", source: https://static.whatsapp.net/rsrc.php/v4/yv/r/dPYlMkGjHuG.js (113)
[1124/144206.650:INFO:CONSOLE(113)] "Event handler of 'x-storagemutated-1' event must be added on the initial evaluation of worker script.", source: https://static.whatsapp.net/rsrc.php/v4/yv/r/dPYlMkGjHuG.js (113)
[1124/144409.137:INFO:CONSOLE(113)] "Event handler of 'x-storagemutated-1' event must be added on the initial evaluation of worker script.", source: https://static.whatsapp.net/rsrc.php/v4/yv/r/dPYlMkGjHuG.js (113)
[1124/144505.720:INFO:CONSOLE(113)] "Event handler of 'x-storagemutated-1' event must be added on the initial evaluation of worker script.", source: https://static.whatsapp.net/rsrc.php/v4/yv/r/dPYlMkGjHuG.js (113)
[1124/144806.531:INFO:CONSOLE(113)] "Event handler of 'x-storagemutated-1' event must be added on the initial evaluation of worker script.", source: https://static.whatsapp.net/rsrc.php/v4/yv/r/dPYlMkGjHuG.js (113)
[1124/144903.244:INFO:CONSOLE(113)] "Event handler of 'x-storagemutated-1' event must be added on the initial evaluation of worker script.", source: https://static.whatsapp.net/rsrc.php/v4/yv/r/dPYlMkGjHuG.js (113)
[1124/145202.366:INFO:CONSOLE(113)] "Event handler of 'x-storagemutated-1' event must be added on the initial evaluation of worker script.", source: https://static.whatsapp.net/rsrc.php/v4/yv/r/dPYlMkGjHuG.js (113)
[1124/145331.037:INFO:CONSOLE(113)] "Event handler of 'x-storagemutated-1' event must be added on the initial evaluation of worker script.", source: https://static.whatsapp.net/rsrc.php/v4/yv/r/dPYlMkGjHuG.js (113)
[1124/145403.960:INFO:CONSOLE(113)] "Event handler of 'x-storagemutated-1' event must be added on the initial evaluation of worker script.", source: https://static.whatsapp.net/rsrc.php/v4/yv/r/dPYlMkGjHuG.js (113)
[1124/145524.115:INFO:CONSOLE(113)] "Event handler of 'x-storagemutated-1' event must be added on the initial evaluation of worker script.", source: https://static.whatsapp.net/rsrc.php/v4/yv/r/dPYlMkGjHuG.js (113)
[1124/145642.930:INFO:CONSOLE(113)] "Event handler of 'x-storagemutated-1' event must be added on the initial evaluation of worker script.", source: https://static.whatsapp.net/rsrc.php/v4/yv/r/dPYlMkGjHuG.js (113)
[1124/145903.418:INFO:CONSOLE(113)] "Event handler of 'x-storagemutated-1' event must be added on the initial evaluation of worker script.", source: https://static.whatsapp.net/rsrc.php/v4/yv/r/dPYlMkGjHuG.js (113)
[1124/145951.061:INFO:CONSOLE(113)] "Event handler of 'x-storagemutated-1' event must be added on the initial evaluation of worker script.", source: https://static.whatsapp.net/rsrc.php/v4/yv/r/dPYlMkGjHuG.js (113)
[1124/150040.874:INFO:CONSOLE(113)] "Event handler of 'x-storagemutated-1' event must be added on the initial evaluation of worker script.", source: https://static.whatsapp.net/rsrc.php/v4/yv/r/dPYlMkGjHuG.js (113)
[1124/150111.452:INFO:CONSOLE(113)] "Event handler of 'x-storagemutated-1' event must be added on the initial evaluation of worker script.", source: https://static.whatsapp.net/rsrc.php/v4/yv/r/dPYlMkGjHuG.js (113)
[1124/150217.905:INFO:CONSOLE(113)] "Event handler of 'x-storagemutated-1' event must be added on the initial evaluation of worker script.", source: https://static.whatsapp.net/rsrc.php/v4/yv/r/dPYlMkGjHuG.js (113)
[1124/150313.389:INFO:CONSOLE(113)] "Event handler of 'x-storagemutated-1' event must be added on the initial evaluation of worker script.", source: https://static.whatsapp.net/rsrc.php/v4/yv/r/dPYlMkGjHuG.js (113)
[1124/150509.923:INFO:CONSOLE(113)] "Event handler of 'x-storagemutated-1' event must be added on the initial evaluation of worker script.", source: https://static.whatsapp.net/rsrc.php/v4/yv/r/dPYlMkGjHuG.js (113)
[1124/150821.369:INFO:CONSOLE(113)] "Event handler of 'x-storagemutated-1' event must be added on the initial evaluation of worker script.", source: https://static.whatsapp.net/rsrc.php/v4/yv/r/dPYlMkGjHuG.js (113)
[1124/151029.302:INFO:CONSOLE(113)] "Event handler of 'x-storagemutated-1' event must be added on the initial evaluation of worker script.", source: https://static.whatsapp.net/rsrc.php/v4/yv/r/dPYlMkGjHuG.js (113)
[1124/151627.224:INFO:CONSOLE(113)] "Event handler of 'x-storagemutated-1' event must be added on the initial evaluation of worker script.", source: https://static.whatsapp.net/rsrc.php/v4/yv/r/dPYlMkGjHuG.js (113)
[1124/152038.893:INFO:CONSOLE(113)] "Event handler of 'x-storagemutated-1' event must be added on the initial evaluation of worker script.", source: https://static.whatsapp.net/rsrc.php/v4/yv/r/dPYlMkGjHuG.js (113)
[1124/152555.887:INFO:CONSOLE(113)] "Event handler of 'x-storagemutated-1' event must be added on the initial evaluation of worker script.", source: https://static.whatsapp.net/rsrc.php/v4/yv/r/dPYlMkGjHuG.js (113)
[1124/152633.621:INFO:CONSOLE(113)] "Event handler of 'x-storagemutated-1' event must be added on the initial evaluation of worker script.", source: https://static.whatsapp.net/rsrc.php/v4/yv/r/dPYlMkGjHuG.js (113)
[1124/152833.718:INFO:CONSOLE(113)] "Event handler of 'x-storagemutated-1' event must be added on the initial evaluation of worker script.", source: https://static.whatsapp.net/rsrc.php/v4/yv/r/dPYlMkGjHuG.js (113)
[1124/152834.907:WARNING:dns_config_service_win.cc(584)] Failed to read DnsConfig.
[1124/152843.649:WARNING:dns_config_service_win.cc(584)] Failed to read DnsConfig.
[1124/152952.697:INFO:CONSOLE(113)] "Event handler of 'x-storagemutated-1' event must be added on the initial evaluation of worker script.", source: https://static.whatsapp.net/rsrc.php/v4/yv/r/dPYlMkGjHuG.js (113)
[1124/153054.515:INFO:CONSOLE(113)] "Event handler of 'x-storagemutated-1' event must be added on the initial evaluation of worker script.", source: https://static.whatsapp.net/rsrc.php/v4/yv/r/dPYlMkGjHuG.js (113)
[1124/153249.015:INFO:CONSOLE(113)] "Event handler of 'x-storagemutated-1' event must be added on the initial evaluation of worker script.", source: https://static.whatsapp.net/rsrc.php/v4/yv/r/dPYlMkGjHuG.js (113)
[1124/153447.331:INFO:CONSOLE(113)] "Event handler of 'x-storagemutated-1' event must be added on the initial evaluation of worker script.", source: https://static.whatsapp.net/rsrc.php/v4/yv/r/dPYlMkGjHuG.js (113)
[1124/153736.603:INFO:CONSOLE(113)] "Event handler of 'x-storagemutated-1' event must be added on the initial evaluation of worker script.", source: https://static.whatsapp.net/rsrc.php/v4/yv/r/dPYlMkGjHuG.js (113)
[1124/153903.065:INFO:CONSOLE(113)] "Event handler of 'x-storagemutated-1' event must be added on the initial evaluation of worker script.", source: https://static.whatsapp.net/rsrc.php/v4/yv/r/dPYlMkGjHuG.js (113)
[1124/153948.504:INFO:CONSOLE(113)] "Event handler of 'x-storagemutated-1' event must be added on the initial evaluation of worker script.", source: https://static.whatsapp.net/rsrc.php/v4/yv/r/dPYlMkGjHuG.js (113)
[1124/154103.874:INFO:CONSOLE(113)] "Event handler of 'x-storagemutated-1' event must be added on the initial evaluation of worker script.", source: https://static.whatsapp.net/rsrc.php/v4/yv/r/dPYlMkGjHuG.js (113)
[1124/154251.047:INFO:CONSOLE(113)] "Event handler of 'x-storagemutated-1' event must be added on the initial evaluation of worker script.", source: https://static.whatsapp.net/rsrc.php/v4/yv/r/dPYlMkGjHuG.js (113)
[1124/154442.695:INFO:CONSOLE(113)] "Event handler of 'x-storagemutated-1' event must be added on the initial evaluation of worker script.", source: https://static.whatsapp.net/rsrc.php/v4/yv/r/dPYlMkGjHuG.js (113)
[1124/155002.345:INFO:CONSOLE(113)] "Event handler of 'x-storagemutated-1' event must be added on the initial evaluation of worker script.", source: https://static.whatsapp.net/rsrc.php/v4/yv/r/dPYlMkGjHuG.js (113)
[1124/155122.537:INFO:CONSOLE(113)] "Event handler of 'x-storagemutated-1' event must be added on the initial evaluation of worker script.", source: https://static.whatsapp.net/rsrc.php/v4/yv/r/dPYlMkGjHuG.js (113)
[1124/155236.683:INFO:CONSOLE(113)] "Event handler of 'x-storagemutated-1' event must be added on the initial evaluation of worker script.", source: https://static.whatsapp.net/rsrc.php/v4/yv/r/dPYlMkGjHuG.js (113)
[1124/155331.478:INFO:CONSOLE(113)] "Event handler of 'x-storagemutated-1' event must be added on the initial evaluation of worker script.", source: https://static.whatsapp.net/rsrc.php/v4/yv/r/dPYlMkGjHuG.js (113)
[1124/155447.283:INFO:CONSOLE(113)] "Event handler of 'x-storagemutated-1' event must be added on the initial evaluation of worker script.", source: https://static.whatsapp.net/rsrc.php/v4/yv/r/dPYlMkGjHuG.js (113)
[1124/155651.564:INFO:CONSOLE(113)] "Event handler of 'x-storagemutated-1' event must be added on the initial evaluation of worker script.", source: https://static.whatsapp.net/rsrc.php/v4/yv/r/dPYlMkGjHuG.js (113)
[1124/155813.169:INFO:CONSOLE(113)] "Event handler of 'x-storagemutated-1' event must be added on the initial evaluation of worker script.", source: https://static.whatsapp.net/rsrc.php/v4/yv/r/dPYlMkGjHuG.js (113)
[1124/155955.898:INFO:CONSOLE(113)] "Event handler of 'x-storagemutated-1' event must be added on the initial evaluation of worker script.", source: https://static.whatsapp.net/rsrc.php/v4/yv/r/dPYlMkGjHuG.js (113)
[1124/160139.521:INFO:CONSOLE(113)] "Event handler of 'x-storagemutated-1' event must be added on the initial evaluation of worker script.", source: https://static.whatsapp.net/rsrc.php/v4/yv/r/dPYlMkGjHuG.js (113)
[1124/160337.667:INFO:CONSOLE(113)] "Event handler of 'x-storagemutated-1' event must be added on the initial evaluation of worker script.", source: https://static.whatsapp.net/rsrc.php/v4/yv/r/dPYlMkGjHuG.js (113)
